#
# A fatal error has been detected by the Java Runtime Environment:
#
#  EXCEPTION_ACCESS_VIOLATION (0xc0000005) at pc=0x000000006b267066, pid=17500, tid=0x000000000000212c
#
# JRE version: Java(TM) SE Runtime Environment (8.0_181-b13) (build 1.8.0_181-b13)
# Java VM: Java HotSpot(TM) 64-Bit Server VM (25.181-b13 mixed mode windows-amd64 compressed oops)
# Problematic frame:
# V  [jvm.dll+0x237066]
#
# Failed to write core dump. Minidumps are not enabled by default on client versions of Windows
#
# If you would like to submit a bug report, please visit:
#   http://bugreport.java.com/bugreport/crash.jsp
#

---------------  T H R E A D  ---------------

Current thread (0x000000001c469000):  VMThread [stack: 0x000000001e150000,0x000000001e250000] [id=8492]

siginfo: ExceptionCode=0xc0000005, reading address 0x0000000000000008

Registers:
RAX=0x0000000000000000, RBX=0x000000001e24eed0, RCX=0x000000001e24eed0, RDX=0x0000000000000028
RSP=0x000000001e24ec00, RBP=0x000000001e24f410, RSI=0x0000000000000000, RDI=0x000000001e24f5a0
R8 =0x0000000000000000, R9 =0x000000001bfabd28, R10=0x0000000000000008, R11=0x000000006b637f18
R12=0x000000001c2f54b0, R13=0x000000001e24f3d0, R14=0x00000000000003d8, R15=0x000000001e24f3c0
RIP=0x000000006b267066, EFLAGS=0x0000000000010202

Top of Stack: (sp=0x000000001e24ec00)
0x000000001e24ec00:   000000001c2f53f0 000000006b276dbb
0x000000001e24ec10:   000000001c468150 000000001c468150
0x000000001e24ec20:   00000006c1b07410 00000006c1b074e8
0x000000001e24ec30:   000000001e24f2b0 000000006b2771b9
0x000000001e24ec40:   000000001fcff0c0 000000001e24f310
0x000000001e24ec50:   000000001e24f310 000000006b27727b
0x000000001e24ec60:   000000001fd008c0 00000006c1b078a0
0x000000001e24ec70:   00000006c1b07908 000000001fd002c0
0x000000001e24ec80:   000000000293f670 0000000002a408da
0x000000001e24ec90:   0000000002a40790 0000000600000000
0x000000001e24eca0:   000000000293f770 000000000293f690
0x000000001e24ecb0:   00000006c1ada200 00000006c1ada268
0x000000001e24ecc0:   00000006c1ada2d0 00000006c1ada338
0x000000001e24ecd0:   00000006c1ada3a0 00000006c1ada408
0x000000001e24ece0:   00000006c1ada470 00000006c1ada4d8
0x000000001e24ecf0:   00000006c1ada540 00000006c1ada5a8 

Instructions: (pc=0x000000006b267066)
0x000000006b267046:   01 00 00 48 8b 05 30 a8 5b 00 48 33 c4 48 89 84
0x000000006b267056:   24 30 01 00 00 4c 63 41 10 48 8b 41 08 48 8b d9
0x000000006b267066:   42 38 54 00 08 74 33 44 0f be c2 48 8d 4c 24 20
0x000000006b267076:   48 8d 15 13 e3 3e 00 e8 ee ec de ff 48 8d 0d 97 


Register to memory mapping:

RAX=0x0000000000000000 is an unknown value
RBX=0x000000001e24eed0 is an unknown value
RCX=0x000000001e24eed0 is an unknown value
RDX=0x0000000000000028 is an unknown value
RSP=0x000000001e24ec00 is an unknown value
RBP=0x000000001e24f410 is an unknown value
RSI=0x0000000000000000 is an unknown value
RDI=0x000000001e24f5a0 is an unknown value
R8 =0x0000000000000000 is an unknown value
R9 =0x000000001bfabd28 is pointing into metadata
R10=0x0000000000000008 is an unknown value
R11=0x000000006b637f18 is an unknown value
R12=0x000000001c2f54b0 is an unknown value
R13=0x000000001e24f3d0 is an unknown value
R14=0x00000000000003d8 is an unknown value
R15=0x000000001e24f3c0 is an unknown value


Stack: [0x000000001e150000,0x000000001e250000],  sp=0x000000001e24ec00,  free space=1019k
Native frames: (J=compiled Java code, j=interpreted, Vv=VM code, C=native code)
V  [jvm.dll+0x237066]
V  [jvm.dll+0x2376e4]
V  [jvm.dll+0xff4a3]
V  [jvm.dll+0x1025b9]
V  [jvm.dll+0x10305f]
V  [jvm.dll+0x1038a5]
V  [jvm.dll+0x103af2]
V  [jvm.dll+0xc50be]
V  [jvm.dll+0xc5748]
V  [jvm.dll+0xc587a]
V  [jvm.dll+0xc5a78]
V  [jvm.dll+0x10f94a]
V  [jvm.dll+0x12d22f]
V  [jvm.dll+0x1bf3df]
V  [jvm.dll+0x24cc27]
V  [jvm.dll+0x24bec6]
V  [jvm.dll+0x24c361]
V  [jvm.dll+0x24c57e]
V  [jvm.dll+0x29e64a]
C  [msvcr100.dll+0x21d9f]
C  [msvcr100.dll+0x21e3b]
C  [KERNEL32.DLL+0x17bd4]
C  [ntdll.dll+0x6ced1]

VM_Operation (0x000000001ef8f1c0): GetOrSetLocal, mode: safepoint, requested by thread 0x000000001e386800


---------------  P R O C E S S  ---------------

Java Threads: ( => current thread )
  0x0000000020a21000 JavaThread "Okio Watchdog" daemon [_thread_blocked, id=16540, stack(0x0000000022460000,0x0000000022560000)]
  0x000000002044d800 JavaThread "Exec Stream Pumper" daemon [_thread_in_native, id=23204, stack(0x0000000021e60000,0x0000000021f60000)]
  0x0000000020424800 JavaThread "Exec Stream Pumper" daemon [_thread_in_native, id=268, stack(0x0000000021d60000,0x0000000021e60000)]
  0x0000000020457800 JavaThread "Exec Default Executor" daemon [_thread_in_native, id=24664, stack(0x0000000021860000,0x0000000021960000)]
  0x000000001fd07800 JavaThread "ReaderThread" [_thread_in_native, id=22908, stack(0x000000001ff90000,0x0000000020090000)]
  0x000000001e43c800 JavaThread "Service Thread" daemon [_thread_blocked, id=26756, stack(0x000000001f590000,0x000000001f690000)]
  0x000000001e3b1000 JavaThread "C1 CompilerThread3" daemon [_thread_blocked, id=8032, stack(0x000000001f490000,0x000000001f590000)]
  0x000000001e3af800 JavaThread "C2 CompilerThread2" daemon [_thread_blocked, id=12312, stack(0x000000001f390000,0x000000001f490000)]
  0x000000001e3aa800 JavaThread "C2 CompilerThread1" daemon [_thread_blocked, id=18564, stack(0x000000001f290000,0x000000001f390000)]
  0x000000001e3a5000 JavaThread "C2 CompilerThread0" daemon [_thread_blocked, id=8828, stack(0x000000001f190000,0x000000001f290000)]
  0x000000001e394000 JavaThread "JDWP Command Reader" daemon [_thread_in_native, id=16760, stack(0x000000001f090000,0x000000001f190000)]
  0x000000001e393000 JavaThread "JDWP Event Helper Thread" daemon [_thread_blocked, id=19188, stack(0x000000001ef90000,0x000000001f090000)]
  0x000000001e386800 JavaThread "JDWP Transport Listener: dt_socket" daemon [_thread_blocked, id=27508, stack(0x000000001ee90000,0x000000001ef90000)]
  0x000000001e37d000 JavaThread "Attach Listener" daemon [_thread_blocked, id=5748, stack(0x000000001ea50000,0x000000001eb50000)]
  0x000000001e37c000 JavaThread "Signal Dispatcher" daemon [_thread_blocked, id=23612, stack(0x000000001e950000,0x000000001ea50000)]
  0x000000001e370800 JavaThread "Finalizer" daemon [_thread_blocked, id=12028, stack(0x000000001e750000,0x000000001e850000)]
  0x000000001c46d000 JavaThread "Reference Handler" daemon [_thread_blocked, id=26796, stack(0x000000001e250000,0x000000001e350000)]
  0x0000000002944000 JavaThread "main" [_thread_blocked, id=13016, stack(0x0000000002840000,0x0000000002940000)]

Other Threads:
=>0x000000001c469000 VMThread [stack: 0x000000001e150000,0x000000001e250000] [id=8492]
  0x000000001e461800 WatcherThread [stack: 0x000000001f690000,0x000000001f790000] [id=22780]

VM state:at safepoint (normal execution)

VM Mutex/Monitor currently owned by a thread:  ([mutex/lock_event])
[0x0000000002941250] Threads_lock - owner thread: 0x000000001c469000

Heap:
 PSYoungGen      total 76288K, used 20370K [0x000000076b380000, 0x0000000770880000, 0x00000007c0000000)
  eden space 65536K, 31% used [0x000000076b380000,0x000000076c764b88,0x000000076f380000)
  from space 10752K, 0% used [0x000000076fe00000,0x000000076fe00000,0x0000000770880000)
  to   space 10752K, 0% used [0x000000076f380000,0x000000076f380000,0x000000076fe00000)
 ParOldGen       total 115200K, used 6790K [0x00000006c1a00000, 0x00000006c8a80000, 0x000000076b380000)
  object space 115200K, 5% used [0x00000006c1a00000,0x00000006c20a1870,0x00000006c8a80000)
 Metaspace       used 23210K, capacity 23928K, committed 24112K, reserved 1071104K
  class space    used 2898K, capacity 3080K, committed 3120K, reserved 1048576K

Card table byte_map: [0x0000000011e00000,0x0000000012600000] byte_map_base: 0x000000000e7f3000

Marking Bits: (ParMarkBitMap*) 0x000000006b852d00
 Begin Bits: [0x0000000013350000, 0x00000000172e8000)
 End Bits:   [0x00000000172e8000, 0x000000001b280000)

Polling page: 0x0000000000a30000

CodeCache: size=245760Kb used=7011Kb max_used=7079Kb free=238748Kb
 bounds [0x0000000002a40000, 0x0000000003140000, 0x0000000011a40000]
 total_blobs=2660 nmethods=2195 adapters=385
 compilation: enabled

Compilation events (10 events):
Event: 41.706 Thread 0x000000001e3b1000 nmethod 2219 0x000000000312bc90 code [0x000000000312be60, 0x000000000312c7d8]
Event: 41.706 Thread 0x000000001e3b1000 2218       3       java.util.HashMap::removeNode (291 bytes)
Event: 41.706 Thread 0x000000001e3aa800 nmethod 2217 0x000000000312e350 code [0x000000000312e4a0, 0x000000000312e558]
Event: 41.707 Thread 0x000000001e3b1000 nmethod 2218 0x000000000312e650 code [0x000000000312e8a0, 0x000000000312faf8]
Event: 41.708 Thread 0x000000001e3b1000 2220       3       java.io.FileDescriptor$1::get (5 bytes)
Event: 41.708 Thread 0x000000001e3b1000 nmethod 2220 0x000000000312b910 code [0x000000000312ba60, 0x000000000312bbd0]
Event: 66.236 Thread 0x000000001e3aa800 2222       4       java.nio.Buffer::position (43 bytes)
Event: 66.236 Thread 0x000000001e3b1000 2221       3       java.nio.charset.CoderResult::isOverflow (14 bytes)
Event: 66.237 Thread 0x000000001e3b1000 nmethod 2221 0x000000000312b590 code [0x000000000312b6e0, 0x000000000312b890]
Event: 66.237 Thread 0x000000001e3aa800 nmethod 2222 0x0000000003108d50 code [0x0000000003108e80, 0x0000000003108f38]

GC Heap History (6 events):
Event: 1.579 GC heap before
{Heap before GC invocations=1 (full 0):
 PSYoungGen      total 76288K, used 65536K [0x000000076b380000, 0x0000000770880000, 0x00000007c0000000)
  eden space 65536K, 100% used [0x000000076b380000,0x000000076f380000,0x000000076f380000)
  from space 10752K, 0% used [0x000000076fe00000,0x000000076fe00000,0x0000000770880000)
  to   space 10752K, 0% used [0x000000076f380000,0x000000076f380000,0x000000076fe00000)
 ParOldGen       total 175104K, used 0K [0x00000006c1a00000, 0x00000006cc500000, 0x000000076b380000)
  object space 175104K, 0% used [0x00000006c1a00000,0x00000006c1a00000,0x00000006cc500000)
 Metaspace       used 17282K, capacity 17498K, committed 17920K, reserved 1064960K
  class space    used 2112K, capacity 2193K, committed 2304K, reserved 1048576K
Event: 1.587 GC heap after
Heap after GC invocations=1 (full 0):
 PSYoungGen      total 76288K, used 9912K [0x000000076b380000, 0x0000000770880000, 0x00000007c0000000)
  eden space 65536K, 0% used [0x000000076b380000,0x000000076b380000,0x000000076f380000)
  from space 10752K, 92% used [0x000000076f380000,0x000000076fd2e280,0x000000076fe00000)
  to   space 10752K, 0% used [0x000000076fe00000,0x000000076fe00000,0x0000000770880000)
 ParOldGen       total 175104K, used 80K [0x00000006c1a00000, 0x00000006cc500000, 0x000000076b380000)
  object space 175104K, 0% used [0x00000006c1a00000,0x00000006c1a14010,0x00000006cc500000)
 Metaspace       used 17282K, capacity 17498K, committed 17920K, reserved 1064960K
  class space    used 2112K, capacity 2193K, committed 2304K, reserved 1048576K
}
Event: 2.684 GC heap before
{Heap before GC invocations=2 (full 0):
 PSYoungGen      total 76288K, used 30273K [0x000000076b380000, 0x0000000770880000, 0x00000007c0000000)
  eden space 65536K, 31% used [0x000000076b380000,0x000000076c7622e8,0x000000076f380000)
  from space 10752K, 92% used [0x000000076f380000,0x000000076fd2e280,0x000000076fe00000)
  to   space 10752K, 0% used [0x000000076fe00000,0x000000076fe00000,0x0000000770880000)
 ParOldGen       total 175104K, used 80K [0x00000006c1a00000, 0x00000006cc500000, 0x000000076b380000)
  object space 175104K, 0% used [0x00000006c1a00000,0x00000006c1a14010,0x00000006cc500000)
 Metaspace       used 20589K, capacity 21240K, committed 21296K, reserved 1067008K
  class space    used 2613K, capacity 2826K, committed 2864K, reserved 1048576K
Event: 2.690 GC heap after
Heap after GC invocations=2 (full 0):
 PSYoungGen      total 76288K, used 6981K [0x000000076b380000, 0x0000000770880000, 0x00000007c0000000)
  eden space 65536K, 0% used [0x000000076b380000,0x000000076b380000,0x000000076f380000)
  from space 10752K, 64% used [0x000000076fe00000,0x00000007704d1480,0x0000000770880000)
  to   space 10752K, 0% used [0x000000076f380000,0x000000076f380000,0x000000076fe00000)
 ParOldGen       total 175104K, used 88K [0x00000006c1a00000, 0x00000006cc500000, 0x000000076b380000)
  object space 175104K, 0% used [0x00000006c1a00000,0x00000006c1a16010,0x00000006cc500000)
 Metaspace       used 20589K, capacity 21240K, committed 21296K, reserved 1067008K
  class space    used 2613K, capacity 2826K, committed 2864K, reserved 1048576K
}
Event: 2.690 GC heap before
{Heap before GC invocations=3 (full 1):
 PSYoungGen      total 76288K, used 6981K [0x000000076b380000, 0x0000000770880000, 0x00000007c0000000)
  eden space 65536K, 0% used [0x000000076b380000,0x000000076b380000,0x000000076f380000)
  from space 10752K, 64% used [0x000000076fe00000,0x00000007704d1480,0x0000000770880000)
  to   space 10752K, 0% used [0x000000076f380000,0x000000076f380000,0x000000076fe00000)
 ParOldGen       total 175104K, used 88K [0x00000006c1a00000, 0x00000006cc500000, 0x000000076b380000)
  object space 175104K, 0% used [0x00000006c1a00000,0x00000006c1a16010,0x00000006cc500000)
 Metaspace       used 20589K, capacity 21240K, committed 21296K, reserved 1067008K
  class space    used 2613K, capacity 2826K, committed 2864K, reserved 1048576K
Event: 2.714 GC heap after
Heap after GC invocations=3 (full 1):
 PSYoungGen      total 76288K, used 0K [0x000000076b380000, 0x0000000770880000, 0x00000007c0000000)
  eden space 65536K, 0% used [0x000000076b380000,0x000000076b380000,0x000000076f380000)
  from space 10752K, 0% used [0x000000076fe00000,0x000000076fe00000,0x0000000770880000)
  to   space 10752K, 0% used [0x000000076f380000,0x000000076f380000,0x000000076fe00000)
 ParOldGen       total 115200K, used 6790K [0x00000006c1a00000, 0x00000006c8a80000, 0x000000076b380000)
  object space 115200K, 5% used [0x00000006c1a00000,0x00000006c20a1870,0x00000006c8a80000)
 Metaspace       used 20589K, capacity 21240K, committed 21296K, reserved 1067008K
  class space    used 2613K, capacity 2826K, committed 2864K, reserved 1048576K
}

Deoptimization events (10 events):
Event: 2.653 Thread 0x0000000002944000 Uncommon trap: reason=class_check action=maybe_recompile pc=0x0000000002edebec method=java.util.regex.Pattern$Curly.match(Ljava/util/regex/Matcher;ILjava/lang/CharSequence;)Z @ 19
Event: 2.653 Thread 0x0000000002944000 Uncommon trap: reason=class_check action=maybe_recompile pc=0x0000000002f18c58 method=java.util.regex.Matcher.search(I)Z @ 86
Event: 2.653 Thread 0x0000000002944000 Uncommon trap: reason=class_check action=maybe_recompile pc=0x0000000002f18c58 method=java.util.regex.Matcher.search(I)Z @ 86
Event: 2.653 Thread 0x0000000002944000 Uncommon trap: reason=class_check action=maybe_recompile pc=0x0000000002f18c58 method=java.util.regex.Matcher.search(I)Z @ 86
Event: 2.653 Thread 0x0000000002944000 Uncommon trap: reason=class_check action=maybe_recompile pc=0x0000000002edebec method=java.util.regex.Pattern$Curly.match(Ljava/util/regex/Matcher;ILjava/lang/CharSequence;)Z @ 19
Event: 2.661 Thread 0x0000000002944000 Uncommon trap: reason=class_check action=maybe_recompile pc=0x0000000002edebec method=java.util.regex.Pattern$Curly.match(Ljava/util/regex/Matcher;ILjava/lang/CharSequence;)Z @ 19
Event: 2.661 Thread 0x0000000002944000 Uncommon trap: reason=class_check action=maybe_recompile pc=0x0000000002edebec method=java.util.regex.Pattern$Curly.match(Ljava/util/regex/Matcher;ILjava/lang/CharSequence;)Z @ 19
Event: 2.741 Thread 0x0000000002944000 Uncommon trap: reason=unstable_if action=reinterpret pc=0x0000000002e590bc method=java.util.regex.Pattern$BmpCharProperty.match(Ljava/util/regex/Matcher;ILjava/lang/CharSequence;)Z @ 34
Event: 15.803 Thread 0x0000000002944000 Uncommon trap: reason=unstable_if action=reinterpret pc=0x0000000002c4ffac method=java.lang.AbstractStringBuilder.append(Ljava/lang/String;)Ljava/lang/AbstractStringBuilder; @ 1
Event: 25.464 Thread 0x0000000002944000 Uncommon trap: reason=unstable_if action=reinterpret pc=0x0000000002b86cb4 method=sun.nio.cs.UTF_8$Encoder.encode([CII[B)I @ 33

Classes redefined (2 events):
Event: 772.317 Thread 0x000000001c469000 redefined class name=com.mindtree.BaseClass.TC009_ValidatePreview, count=1
Event: 784.845 Thread 0x000000001c469000 redefined class name=com.mindtree.BaseClass.TC009_ValidatePreview, count=2

Internal exceptions (10 events):
Event: 36.882 Thread 0x0000000002944000 Exception <a 'java/net/SocketTimeoutException': Read timed out> (0x000000076c50d170) thrown at [C:\re\workspace\8-2-build-windows-amd64-cygwin\jdk8u181\11358\hotspot\src\share\vm\prims\jni.cpp, line 735]
Event: 36.995 Thread 0x0000000002944000 Exception <a 'java/net/SocketTimeoutException': Read timed out> (0x000000076c521698) thrown at [C:\re\workspace\8-2-build-windows-amd64-cygwin\jdk8u181\11358\hotspot\src\share\vm\prims\jni.cpp, line 735]
Event: 37.009 Thread 0x0000000002944000 Exception <a 'java/net/SocketTimeoutException': Read timed out> (0x000000076c539910) thrown at [C:\re\workspace\8-2-build-windows-amd64-cygwin\jdk8u181\11358\hotspot\src\share\vm\prims\jni.cpp, line 735]
Event: 37.369 Thread 0x0000000002944000 Exception <a 'java/net/SocketTimeoutException': Read timed out> (0x000000076c54e748) thrown at [C:\re\workspace\8-2-build-windows-amd64-cygwin\jdk8u181\11358\hotspot\src\share\vm\prims\jni.cpp, line 735]
Event: 37.381 Thread 0x0000000002944000 Exception <a 'java/net/SocketTimeoutException': Read timed out> (0x000000076c565e40) thrown at [C:\re\workspace\8-2-build-windows-amd64-cygwin\jdk8u181\11358\hotspot\src\share\vm\prims\jni.cpp, line 735]
Event: 37.512 Thread 0x0000000002944000 Exception <a 'java/net/SocketTimeoutException': Read timed out> (0x000000076c57a5b8) thrown at [C:\re\workspace\8-2-build-windows-amd64-cygwin\jdk8u181\11358\hotspot\src\share\vm\prims\jni.cpp, line 735]
Event: 37.525 Thread 0x0000000002944000 Exception <a 'java/net/SocketTimeoutException': Read timed out> (0x000000076c594a48) thrown at [C:\re\workspace\8-2-build-windows-amd64-cygwin\jdk8u181\11358\hotspot\src\share\vm\prims\jni.cpp, line 735]
Event: 41.585 Thread 0x0000000002944000 Exception <a 'java/net/SocketTimeoutException': Read timed out> (0x000000076c5d4308) thrown at [C:\re\workspace\8-2-build-windows-amd64-cygwin\jdk8u181\11358\hotspot\src\share\vm\prims\jni.cpp, line 735]
Event: 41.599 Thread 0x0000000002944000 Exception <a 'java/net/SocketTimeoutException': Read timed out> (0x000000076c5ebd80) thrown at [C:\re\workspace\8-2-build-windows-amd64-cygwin\jdk8u181\11358\hotspot\src\share\vm\prims\jni.cpp, line 735]
Event: 41.671 Thread 0x0000000002944000 Exception <a 'java/net/SocketTimeoutException': Read timed out> (0x000000076c600430) thrown at [C:\re\workspace\8-2-build-windows-amd64-cygwin\jdk8u181\11358\hotspot\src\share\vm\prims\jni.cpp, line 735]

Events (10 events):
Event: 784.862 Executing VM operation: ChangeBreakpoints done
Event: 784.871 Executing VM operation: ChangeBreakpoints
Event: 784.873 Executing VM operation: ChangeBreakpoints done
Event: 784.875 Executing VM operation: EnterInterpOnlyMode
Event: 784.875 Executing VM operation: EnterInterpOnlyMode done
Event: 784.875 Executing VM operation: GetCurrentLocation
Event: 784.876 Executing VM operation: GetCurrentLocation done
Event: 784.876 Executing VM operation: ChangeSingleStep
Event: 784.876 Executing VM operation: ChangeSingleStep done
Event: 784.876 Executing VM operation: GetOrSetLocal


Dynamic libraries:
0x00007ff74e890000 - 0x00007ff74e8c7000 	C:\software\jdk1.8.0_181\bin\javaw.exe
0x00007ffbddf60000 - 0x00007ffbde150000 	C:\WINDOWS\SYSTEM32\ntdll.dll
0x00007ffbdc150000 - 0x00007ffbdc202000 	C:\WINDOWS\System32\KERNEL32.DLL
0x00007ffbdaf50000 - 0x00007ffbdb1f3000 	C:\WINDOWS\System32\KERNELBASE.dll
0x000000006d7c0000 - 0x000000006d855000 	C:\WINDOWS\System32\SYSFER.DLL
0x00007ffbdc2e0000 - 0x00007ffbdc383000 	C:\WINDOWS\System32\ADVAPI32.dll
0x00007ffbdd090000 - 0x00007ffbdd12e000 	C:\WINDOWS\System32\msvcrt.dll
0x00007ffbdc830000 - 0x00007ffbdc8c7000 	C:\WINDOWS\System32\sechost.dll
0x00007ffbdda40000 - 0x00007ffbddb60000 	C:\WINDOWS\System32\RPCRT4.dll
0x00007ffbdd320000 - 0x00007ffbdd4b4000 	C:\WINDOWS\System32\USER32.dll
0x00007ffbdb2a0000 - 0x00007ffbdb2c1000 	C:\WINDOWS\System32\win32u.dll
0x00007ffbdda10000 - 0x00007ffbdda36000 	C:\WINDOWS\System32\GDI32.dll
0x00007ffbdbe20000 - 0x00007ffbdbfb4000 	C:\WINDOWS\System32\gdi32full.dll
0x00007ffbdb200000 - 0x00007ffbdb29e000 	C:\WINDOWS\System32\msvcp_win.dll
0x00007ffbdb380000 - 0x00007ffbdb47a000 	C:\WINDOWS\System32\ucrtbase.dll
0x00007ffbd0f10000 - 0x00007ffbd1195000 	C:\WINDOWS\WinSxS\amd64_microsoft.windows.common-controls_6595b64144ccf1df_6.0.18362.592_none_e6c0b1911312be02\COMCTL32.dll
0x00007ffbdd4c0000 - 0x00007ffbdd7f6000 	C:\WINDOWS\System32\combase.dll
0x00007ffbdb5d0000 - 0x00007ffbdb650000 	C:\WINDOWS\System32\bcryptPrimitives.dll
0x00007ffbddcc0000 - 0x00007ffbddcee000 	C:\WINDOWS\System32\IMM32.DLL
0x000000006cc50000 - 0x000000006cd22000 	C:\software\jdk1.8.0_181\jre\bin\msvcr100.dll
0x000000006b030000 - 0x000000006b8d2000 	C:\software\jdk1.8.0_181\jre\bin\server\jvm.dll
0x00007ffbdd800000 - 0x00007ffbdd808000 	C:\WINDOWS\System32\PSAPI.DLL
0x00007ffbcc540000 - 0x00007ffbcc549000 	C:\WINDOWS\SYSTEM32\WSOCK32.dll
0x00007ffbdd810000 - 0x00007ffbdd87f000 	C:\WINDOWS\System32\WS2_32.dll
0x00007ffbcc4d0000 - 0x00007ffbcc4f4000 	C:\WINDOWS\SYSTEM32\WINMM.dll
0x00007ffbd27d0000 - 0x00007ffbd27da000 	C:\WINDOWS\SYSTEM32\VERSION.dll
0x00007ffbcc290000 - 0x00007ffbcc2bd000 	C:\WINDOWS\SYSTEM32\WINMMBASE.dll
0x00007ffbdbfc0000 - 0x00007ffbdc00a000 	C:\WINDOWS\System32\cfgmgr32.dll
0x000000006cf30000 - 0x000000006cf3f000 	C:\software\jdk1.8.0_181\jre\bin\verify.dll
0x000000006cf00000 - 0x000000006cf29000 	C:\software\jdk1.8.0_181\jre\bin\java.dll
0x000000006cc10000 - 0x000000006cc45000 	C:\software\jdk1.8.0_181\jre\bin\jdwp.dll
0x000000006cef0000 - 0x000000006cef8000 	C:\software\jdk1.8.0_181\jre\bin\npt.dll
0x000000006cbf0000 - 0x000000006cc06000 	C:\software\jdk1.8.0_181\jre\bin\zip.dll
0x00007ffbdc8d0000 - 0x00007ffbdcfb5000 	C:\WINDOWS\System32\SHELL32.dll
0x00007ffbdd270000 - 0x00007ffbdd319000 	C:\WINDOWS\System32\shcore.dll
0x00007ffbdb670000 - 0x00007ffbdbdef000 	C:\WINDOWS\System32\windows.storage.dll
0x00007ffbdae60000 - 0x00007ffbdae7f000 	C:\WINDOWS\System32\profapi.dll
0x00007ffbdae80000 - 0x00007ffbdaeca000 	C:\WINDOWS\System32\powrprof.dll
0x00007ffbdae30000 - 0x00007ffbdae40000 	C:\WINDOWS\System32\UMPDC.dll
0x00007ffbdd8e0000 - 0x00007ffbdd932000 	C:\WINDOWS\System32\shlwapi.dll
0x00007ffbdae40000 - 0x00007ffbdae51000 	C:\WINDOWS\System32\kernel.appcore.dll
0x00007ffbdb650000 - 0x00007ffbdb667000 	C:\WINDOWS\System32\cryptsp.dll
0x000000006cee0000 - 0x000000006cee9000 	C:\software\jdk1.8.0_181\jre\bin\dt_socket.dll
0x00007ffbc48f0000 - 0x00007ffbc4906000 	C:\WINDOWS\system32\napinsp.dll
0x00007ffbd0700000 - 0x00007ffbd071a000 	C:\WINDOWS\system32\pnrpnsp.dll
0x00007ffbda6a0000 - 0x00007ffbda707000 	C:\WINDOWS\System32\mswsock.dll
0x00007ffbda3f0000 - 0x00007ffbda4ba000 	C:\WINDOWS\SYSTEM32\DNSAPI.dll
0x00007ffbdd1b0000 - 0x00007ffbdd1b8000 	C:\WINDOWS\System32\NSI.dll
0x00007ffbda3b0000 - 0x00007ffbda3ea000 	C:\WINDOWS\SYSTEM32\IPHLPAPI.DLL
0x00007ffbd1270000 - 0x00007ffbd127e000 	C:\WINDOWS\System32\winrnr.dll
0x00007ffbd3fc0000 - 0x00007ffbd3fdc000 	C:\WINDOWS\system32\NLAapi.dll
0x00007ffbd63c0000 - 0x00007ffbd63d5000 	C:\WINDOWS\system32\wshbth.dll
0x00007ffbd7970000 - 0x00007ffbd79e7000 	C:\WINDOWS\System32\fwpuclnt.dll
0x00007ffbdbdf0000 - 0x00007ffbdbe16000 	C:\WINDOWS\System32\bcrypt.dll
0x00007ffbd1420000 - 0x00007ffbd142a000 	C:\Windows\System32\rasadhlp.dll
0x000000006cbd0000 - 0x000000006cbea000 	C:\software\jdk1.8.0_181\jre\bin\net.dll
0x00007ffbd9fa0000 - 0x00007ffbd9fd3000 	C:\WINDOWS\system32\rsaenh.dll
0x00007ffbdad50000 - 0x00007ffbdad75000 	C:\WINDOWS\SYSTEM32\USERENV.dll
0x00007ffbda870000 - 0x00007ffbda87c000 	C:\WINDOWS\SYSTEM32\CRYPTBASE.dll
0x00007ffbd63a0000 - 0x00007ffbd63b6000 	C:\WINDOWS\SYSTEM32\dhcpcsvc6.DLL
0x00007ffbd6380000 - 0x00007ffbd639c000 	C:\WINDOWS\SYSTEM32\dhcpcsvc.DLL
0x000000006cbb0000 - 0x000000006cbc1000 	C:\software\jdk1.8.0_181\jre\bin\nio.dll
0x000000006cba0000 - 0x000000006cbad000 	C:\software\jdk1.8.0_181\jre\bin\management.dll
0x000000006cb70000 - 0x000000006cb94000 	C:\software\jdk1.8.0_181\jre\bin\sunec.dll
0x000000006cb60000 - 0x000000006cb6b000 	C:\software\jdk1.8.0_181\jre\bin\sunmscapi.dll
0x00007ffbdb480000 - 0x00007ffbdb5c9000 	C:\WINDOWS\System32\CRYPT32.dll
0x00007ffbdaed0000 - 0x00007ffbdaee2000 	C:\WINDOWS\System32\MSASN1.dll
0x00007ffbd8a40000 - 0x00007ffbd8c34000 	C:\WINDOWS\SYSTEM32\dbghelp.dll

VM Arguments:
jvm_args: -agentlib:jdwp=transport=dt_socket,suspend=y,address=localhost:54051 -ea -Dfile.encoding=Cp1252 
java_command: org.testng.remote.RemoteTestNG -serport 54050 -protocol json -d C:\Raghav\201-training\RestAsured\Pre-Registration\test-output C:\Users\M1030042\AppData\Local\Temp\testng-eclipse--1445325417\testng-customsuite.xml
java_class_path (initial): C:\Users\M1030042\.p2\pool\plugins\org.testng.eclipse_6.9.12.201607091356\lib\testng-remote.jar;C:\software\jdk1.8.0_181\jre\lib\resources.jar;C:\software\jdk1.8.0_181\jre\lib\rt.jar;C:\software\jdk1.8.0_181\jre\lib\jsse.jar;C:\software\jdk1.8.0_181\jre\lib\jce.jar;C:\software\jdk1.8.0_181\jre\lib\charsets.jar;C:\software\jdk1.8.0_181\jre\lib\jfr.jar;C:\software\jdk1.8.0_181\jre\lib\ext\access-bridge-64.jar;C:\software\jdk1.8.0_181\jre\lib\ext\cldrdata.jar;C:\software\jdk1.8.0_181\jre\lib\ext\dnsns.jar;C:\software\jdk1.8.0_181\jre\lib\ext\jaccess.jar;C:\software\jdk1.8.0_181\jre\lib\ext\jfxrt.jar;C:\software\jdk1.8.0_181\jre\lib\ext\localedata.jar;C:\software\jdk1.8.0_181\jre\lib\ext\nashorn.jar;C:\software\jdk1.8.0_181\jre\lib\ext\sunec.jar;C:\software\jdk1.8.0_181\jre\lib\ext\sunjce_provider.jar;C:\software\jdk1.8.0_181\jre\lib\ext\sunmscapi.jar;C:\software\jdk1.8.0_181\jre\lib\ext\sunpkcs11.jar;C:\software\jdk1.8.0_181\jre\lib\ext\zipfs.jar;C:\Raghav\201-training\RestAsured\Pre-Registration\target\test-classes;C:\Raghav\201-training\RestAsured\Pre-Registration\target\classes;C:\MediaFiles\201-Selenium\Sikuli\sikulixapi.jar;C:\MediaFiles\201-Selenium\Sikuli\sikulixsetup-1.1.3.jar;C:\Users\M1030042\.m2\repository\org\seleniumhq\selenium\selenium-java\3.141.59\selenium-java-3.141.59.jar;C:\Users\M1030042\.m2\repository\org\seleniumhq\selenium\selenium-api\3.141.59\selenium-api-3.141.59.jar;C:\Users\M1030042\.m2\repository\org\seleniumhq\selenium\selenium-chrome-driver\3.141.59\selenium-chrome-driver-3.141.59.jar;C:\Users\M1030042\.m2\repository\org\seleniumhq\selenium\selenium-edge-driver\3.141.59\selenium-edge-driver-3.141.59.jar;C:\Users\M1030042\.m2\repository\org\seleniumhq\selenium\selenium-firefox-driver\3.141.59\selenium-firefox-driver-3.141.59.jar;C:\Users\M1030042\.m2\repository\org\seleniumhq\selenium\selenium-ie-driver\3.141.59\selenium-ie-driver-3.141.59.jar;C:\Users\M1030042\.m2\repository\org\seleniumhq\selenium\selenium-op
Launcher Type: SUN_STANDARD

Environment Variables:
JAVA_HOME=C:\Program Files\Java\jdk1.8.0_181
PATH=C:\software\jdk1.8.0_181\jre\bin;C:/Program Files/Java/jre1.8.0_181/bin/server;C:/Program Files/Java/jre1.8.0_181/bin;C:/Program Files/Java/jre1.8.0_181/lib/amd64;C:\Program Files (x86)\Common Files\Oracle\Java\javapath;C:\WINDOWS\system32;C:\WINDOWS;C:\WINDOWS\System32\Wbem;C:\WINDOWS\System32\WindowsPowerShell\v1.0\;C:\WINDOWS\System32\OpenSSH\;C:\Program Files\Java\jdk1.8.0_181\bin;C:\software\jdk1.8.0_181\db\bin;C:\MediaFiles\201-Selenium\Maven\apache-maven-3.6.0-bin\apache-maven-3.6.0\bin;C:\Raghav\Projects\MOSIP\Kubernetes SetUp\kubectl;%JAVA_HOME%\bin;C:\Users\M1030042\AppData\Local\Microsoft\WindowsApps;;C:\WINDOWS\system32;
USERNAME=M1030042
OS=Windows_NT
PROCESSOR_IDENTIFIER=Intel64 Family 6 Model 142 Stepping 10, GenuineIntel



---------------  S Y S T E M  ---------------

OS: Windows 10.0 , 64 bit Build 18362 (10.0.18362.329)

CPU:total 8 (initial active 8) (4 cores per cpu, 2 threads per core) family 6 model 142 stepping 10, cmov, cx8, fxsr, mmx, sse, sse2, sse3, ssse3, sse4.1, sse4.2, popcnt, avx, avx2, aes, clmul, erms, 3dnowpref, lzcnt, ht, tsc, tscinvbit, bmi1, bmi2, adx

Memory: 4k page, physical 16665060k(8263852k free), swap 23218660k(10492384k free)

vm_info: Java HotSpot(TM) 64-Bit Server VM (25.181-b13) for windows-amd64 JRE (1.8.0_181-b13), built on Jul  7 2018 04:01:33 by "java_re" with MS VC++ 10.0 (VS2010)

time: Tue Jan 21 16:08:02 2020
elapsed time: 784 seconds (0d 0h 13m 4s)

