27-04-2020 - 16:52:16.947 [main] INFO  com.mindtree.BaseClass.BaseClass - OTP is entered
27-04-2020 - 16:53:40.869 [main] INFO  com.mindtree.BaseClass.BaseClass - ********TC001_validLoginTest is strated **********
27-04-2020 - 16:53:41.686 [main] INFO  com.mindtree.BaseClass.BaseClass - Entered username
27-04-2020 - 16:53:41.787 [main] INFO  com.mindtree.BaseClass.BaseClass - Awaiting for valid OTP
27-04-2020 - 16:53:45.057 [main] INFO  com.mindtree.BaseClass.BaseClass - OTP is entered
27-04-2020 - 16:59:29.410 [main] INFO  com.mindtree.BaseClass.BaseClass - ********TC001_validLoginTest is strated **********
27-04-2020 - 16:59:30.083 [main] INFO  com.mindtree.BaseClass.BaseClass - Entered username
27-04-2020 - 16:59:30.248 [main] INFO  com.mindtree.BaseClass.BaseClass - Awaiting for valid OTP
27-04-2020 - 16:59:33.437 [main] INFO  com.mindtree.BaseClass.BaseClass - OTP is entered
27-04-2020 - 17:10:43.212 [main] INFO  com.mindtree.BaseClass.BaseClass - ********TC001_validLoginTest is strated **********
27-04-2020 - 17:10:43.750 [main] INFO  com.mindtree.BaseClass.BaseClass - Entered username
27-04-2020 - 17:10:43.956 [main] INFO  com.mindtree.BaseClass.BaseClass - Awaiting for valid OTP
27-04-2020 - 17:10:47.202 [main] INFO  com.mindtree.BaseClass.BaseClass - OTP is entered
27-04-2020 - 17:12:16.175 [main] INFO  com.mindtree.BaseClass.BaseClass - ********TC001_validLoginTest is strated **********
27-04-2020 - 17:12:16.782 [main] INFO  com.mindtree.BaseClass.BaseClass - Entered username
27-04-2020 - 17:12:16.878 [main] INFO  com.mindtree.BaseClass.BaseClass - Awaiting for valid OTP
27-04-2020 - 17:12:20.127 [main] INFO  com.mindtree.BaseClass.BaseClass - OTP is entered
27-04-2020 - 17:12:20.157 [main] ERROR com.mindtree.BaseClass.BaseClass - TC001_ValidLogin test case is failed
27-04-2020 - 17:14:24.177 [main] INFO  com.mindtree.BaseClass.BaseClass - ********TC001_validLoginTest is strated **********
27-04-2020 - 17:14:25.084 [main] INFO  com.mindtree.BaseClass.BaseClass - Entered username
27-04-2020 - 17:14:25.250 [main] INFO  com.mindtree.BaseClass.BaseClass - Awaiting for valid OTP
27-04-2020 - 17:14:28.410 [main] INFO  com.mindtree.BaseClass.BaseClass - OTP is entered
27-04-2020 - 17:14:28.524 [main] INFO  com.mindtree.BaseClass.BaseClass - clicked login button
27-04-2020 - 17:14:29.338 [main] INFO  com.mindtree.BaseClass.BaseClass - TC001_ValidLogin test case is passed
27-04-2020 - 17:16:29.532 [main] INFO  com.mindtree.BaseClass.BaseClass - ********TC001_validLoginTest is strated **********
27-04-2020 - 17:16:30.298 [main] INFO  com.mindtree.BaseClass.BaseClass - Entered username
27-04-2020 - 17:16:30.440 [main] INFO  com.mindtree.BaseClass.BaseClass - Awaiting for valid OTP
27-04-2020 - 17:16:33.661 [main] INFO  com.mindtree.BaseClass.BaseClass - OTP is entered
27-04-2020 - 17:16:33.835 [main] INFO  com.mindtree.BaseClass.BaseClass - clicked login button
27-04-2020 - 17:16:34.581 [main] INFO  com.mindtree.BaseClass.BaseClass - TC001_ValidLogin test case is passed
27-04-2020 - 17:18:20.286 [main] INFO  com.mindtree.BaseClass.BaseClass - ********TC001_validLoginTest is strated **********
27-04-2020 - 17:18:20.895 [main] INFO  com.mindtree.BaseClass.BaseClass - Entered username
27-04-2020 - 17:18:20.988 [main] INFO  com.mindtree.BaseClass.BaseClass - Awaiting for valid OTP
27-04-2020 - 17:18:24.152 [main] INFO  com.mindtree.BaseClass.BaseClass - OTP is entered
27-04-2020 - 17:18:24.252 [main] INFO  com.mindtree.BaseClass.BaseClass - clicked login button
27-04-2020 - 17:18:25.184 [main] INFO  com.mindtree.BaseClass.BaseClass - TC001_ValidLogin test case is passed
27-04-2020 - 17:19:51.279 [main] INFO  com.mindtree.BaseClass.BaseClass - ********TC001_validLoginTest is strated **********
27-04-2020 - 17:19:51.892 [main] INFO  com.mindtree.BaseClass.BaseClass - Entered username
27-04-2020 - 17:19:52.034 [main] INFO  com.mindtree.BaseClass.BaseClass - Awaiting for valid OTP
27-04-2020 - 17:19:55.328 [main] INFO  com.mindtree.BaseClass.BaseClass - OTP is entered
27-04-2020 - 17:19:55.379 [main] ERROR com.mindtree.BaseClass.BaseClass - TC001_ValidLogin test case is failed
27-04-2020 - 17:20:52.501 [main] INFO  com.mindtree.BaseClass.BaseClass - ********TC001_validLoginTest is strated **********
27-04-2020 - 17:20:53.319 [main] INFO  com.mindtree.BaseClass.BaseClass - Entered username
27-04-2020 - 17:20:53.427 [main] INFO  com.mindtree.BaseClass.BaseClass - Awaiting for valid OTP
27-04-2020 - 17:20:56.755 [main] INFO  com.mindtree.BaseClass.BaseClass - OTP is entered
27-04-2020 - 17:25:20.612 [main] INFO  com.mindtree.BaseClass.BaseClass - ********TC001_validLoginTest is strated **********
27-04-2020 - 17:25:21.231 [main] INFO  com.mindtree.BaseClass.BaseClass - Entered username
27-04-2020 - 17:25:21.366 [main] INFO  com.mindtree.BaseClass.BaseClass - Awaiting for valid OTP
27-04-2020 - 17:25:24.754 [main] INFO  com.mindtree.BaseClass.BaseClass - OTP is entered
27-04-2020 - 17:25:54.811 [main] ERROR com.mindtree.BaseClass.BaseClass - TC001_ValidLogin test case is failed
